Build started 16/12/2014 11:28:30.
     1>Project "C:\Users\Alix\Documents\Visual Studio 2013\Projects\Velocity-GP3CW\Velocity\Velocity.vcxproj" on node 2 (Build target(s)).
     1>ClCompile:
         C:\Program Files (x86)\Microsoft Visual Studio 12.0\VC\bin\CL.exe /c /ZI /nologo /W3 /WX- /sdl /Od /Oy- /D _MBCS /Gm /EHsc /RTC1 /MDd /GS /fp:precise /Zc:wchar_t /Zc:forScope /Fo"Debug\\" /Fd"Debug\vc120.pdb" /Gd /TP /analyze- /errorReport:prompt cXboxController.cpp
         cXboxController.cpp
     1>c:\users\alix\documents\visual studio 2013\projects\velocity-gp3cw\velocity\cxboxcontroller.cpp(40): warning C4800: 'int' : forcing value to bool 'true' or 'false' (performance warning)
     1>c:\users\alix\documents\visual studio 2013\projects\velocity-gp3cw\velocity\cxboxcontroller.cpp(41): warning C4800: 'int' : forcing value to bool 'true' or 'false' (performance warning)
     1>c:\users\alix\documents\visual studio 2013\projects\velocity-gp3cw\velocity\cxboxcontroller.cpp(42): warning C4800: 'int' : forcing value to bool 'true' or 'false' (performance warning)
     1>c:\users\alix\documents\visual studio 2013\projects\velocity-gp3cw\velocity\cxboxcontroller.cpp(43): warning C4800: 'int' : forcing value to bool 'true' or 'false' (performance warning)
     1>c:\users\alix\documents\visual studio 2013\projects\velocity-gp3cw\velocity\cxboxcontroller.cpp(47): warning C4800: 'int' : forcing value to bool 'true' or 'false' (performance warning)
     1>c:\users\alix\documents\visual studio 2013\projects\velocity-gp3cw\velocity\cxboxcontroller.cpp(48): warning C4800: 'int' : forcing value to bool 'true' or 'false' (performance warning)
       Link:
         C:\Program Files (x86)\Microsoft Visual Studio 12.0\VC\bin\link.exe /ERRORREPORT:PROMPT /OUT:"C:\Users\Alix\Documents\Visual Studio 2013\Projects\Velocity-GP3CW\Velocity\Debug\Velocity.exe" /INCREMENTAL /NOLOGO opengl32.lib "glm-0.3.2lib.lib" glew32.lib glew32s.lib libdrawtext.lib OpenAL32.lib alut.lib XInput.lib kernel32.lib user32.lib gdi32.lib winspool.lib comdlg32.lib advapi32.lib shell32.lib ole32.lib oleaut32.lib uuid.lib odbc32.lib odbccp32.lib /MANIFEST /MANIFESTUAC:"level='asInvoker' uiAccess='false'" /manifest:embed /DEBUG /PDB:"C:\Users\Alix\Documents\Visual Studio 2013\Projects\Velocity-GP3CW\Velocity\Debug\Velocity.pdb" /TLBID:1 /DYNAMICBASE /NXCOMPAT /IMPLIB:"C:\Users\Alix\Documents\Visual Studio 2013\Projects\Velocity-GP3CW\Velocity\Debug\Velocity.lib" /MACHINE:X86 Debug\cModel.obj
         Debug\cModelLoader.obj
         Debug\cObstacle.obj
         Debug\cPlayer.obj
         Debug\cSkyscraper.obj
         Debug\cSound.obj
         Debug\cWNDManager.obj
         Debug\cXboxController.obj
         Debug\GameConstants.obj
         Debug\main.obj
         Debug\windowOGL.obj
         Velocity.vcxproj -> C:\Users\Alix\Documents\Visual Studio 2013\Projects\Velocity-GP3CW\Velocity\Debug\Velocity.exe
     1>Done Building Project "C:\Users\Alix\Documents\Visual Studio 2013\Projects\Velocity-GP3CW\Velocity\Velocity.vcxproj" (Build target(s)).

Build succeeded.

Time Elapsed 00:00:00.67
