c:\users\alix\documents\visual studio 2013\projects\velocity-gp3cw\velocity\debug\vc120.pdb
c:\users\alix\documents\visual studio 2013\projects\velocity-gp3cw\velocity\debug\vc120.idb
c:\users\alix\documents\visual studio 2013\projects\velocity-gp3cw\velocity\debug\cmodel.obj
c:\users\alix\documents\visual studio 2013\projects\velocity-gp3cw\velocity\debug\cmodelloader.obj
c:\users\alix\documents\visual studio 2013\projects\velocity-gp3cw\velocity\debug\cobstacle.obj
c:\users\alix\documents\visual studio 2013\projects\velocity-gp3cw\velocity\debug\cplayer.obj
c:\users\alix\documents\visual studio 2013\projects\velocity-gp3cw\velocity\debug\cskyscraper.obj
c:\users\alix\documents\visual studio 2013\projects\velocity-gp3cw\velocity\debug\csound.obj
c:\users\alix\documents\visual studio 2013\projects\velocity-gp3cw\velocity\debug\cwndmanager.obj
c:\users\alix\documents\visual studio 2013\projects\velocity-gp3cw\velocity\debug\gameconstants.obj
c:\users\alix\documents\visual studio 2013\projects\velocity-gp3cw\velocity\debug\main.obj
c:\users\alix\documents\visual studio 2013\projects\velocity-gp3cw\velocity\debug\windowogl.obj
c:\users\alix\documents\visual studio 2013\projects\velocity-gp3cw\velocity\debug\cxboxcontroller.obj
c:\users\alix\documents\visual studio 2013\projects\velocity-gp3cw\velocity\debug\velocity.pdb
c:\users\alix\documents\visual studio 2013\projects\velocity-gp3cw\velocity\debug\velocity.tlog\cl.command.1.tlog
c:\users\alix\documents\visual studio 2013\projects\velocity-gp3cw\velocity\debug\velocity.tlog\cl.read.1.tlog
c:\users\alix\documents\visual studio 2013\projects\velocity-gp3cw\velocity\debug\velocity.tlog\cl.write.1.tlog
c:\users\alix\documents\visual studio 2013\projects\velocity-gp3cw\velocity\debug\velocity.tlog\link.command.1.tlog
c:\users\alix\documents\visual studio 2013\projects\velocity-gp3cw\velocity\debug\velocity.tlog\link.read.1.tlog
c:\users\alix\documents\visual studio 2013\projects\velocity-gp3cw\velocity\debug\velocity.tlog\link.write.1.tlog
